2023-07-20T11:30:17.157+02:00  INFO 17772 --- [restartedMain] .e.DevToolsPropertyDefaultsPostProcessor : Devtools property defaults active! Set 'spring.devtools.add-properties' to 'false' to disable
2023-07-20T11:30:17.157+02:00  INFO 17772 --- [restartedMain] .e.DevToolsPropertyDefaultsPostProcessor : For additional web related logging consider setting the 'logging.level.web' property to 'DEBUG'
2023-07-20T11:30:17.832+02:00  INFO 17772 --- [restartedMain] .s.d.r.c.RepositoryConfigurationDelegate : Bootstrapping Spring Data JPA repositories in DEFAULT mode.
2023-07-20T11:30:17.954+02:00  INFO 17772 --- [restartedMain] .s.d.r.c.RepositoryConfigurationDelegate : Finished Spring Data repository scanning in 117 ms. Found 6 JPA repository interfaces.
2023-07-20T11:30:18.139+02:00  INFO 17772 --- [restartedMain] o.s.cloud.context.scope.GenericScope     : BeanFactory id=e0c2047d-f051-3b14-a9f7-83e3d1d37d35
2023-07-20T11:30:18.538+02:00  INFO 17772 --- [restartedMain] o.s.b.w.embedded.tomcat.TomcatWebServer  : Tomcat initialized with port(s): 8081 (http)
2023-07-20T11:30:18.589+02:00  INFO 17772 --- [restartedMain] w.s.c.ServletWebServerApplicationContext : Root WebApplicationContext: initialization completed in 1431 ms
2023-07-20T11:30:18.799+02:00  INFO 17772 --- [restartedMain] o.s.b.a.h2.H2ConsoleAutoConfiguration    : H2 console available at '/h2-console'. Database available at 'jdbc:h2:mem:test'
2023-07-20T11:30:19.161+02:00  INFO 17772 --- [restartedMain] o.s.o.j.p.SpringPersistenceUnitInfo      : No LoadTimeWeaver setup: ignoring JPA class transformer
2023-07-20T11:30:19.893+02:00  INFO 17772 --- [restartedMain] j.LocalContainerEntityManagerFactoryBean : Initialized JPA EntityManagerFactory for persistence unit 'default'
2023-07-20T11:30:20.280+02:00  WARN 17772 --- [restartedMain] JpaBaseConfiguration$JpaWebConfiguration : spring.jpa.open-in-view is enabled by default. Therefore, database queries may be performed during view rendering. Explicitly configure spring.jpa.open-in-view to disable this warning
2023-07-20T11:30:20.356+02:00  INFO 17772 --- [restartedMain] o.s.s.web.DefaultSecurityFilterChain     : Will secure any request with [org.springframework.security.web.session.DisableEncodeUrlFilter@28d8784c, org.springframework.security.web.context.request.async.WebAsyncManagerIntegrationFilter@2e6955b2, org.springframework.security.web.context.SecurityContextHolderFilter@346572e2, org.springframework.security.web.header.HeaderWriterFilter@209a5c06, org.springframework.security.web.authentication.logout.LogoutFilter@3c681526, com.baseddevs.userservice.security.filter.JWTAuthenticationFilter@2d5c6c7a, com.baseddevs.userservice.security.filter.JWTAuthorizationFilter@19f880df, org.springframework.security.web.savedrequest.RequestCacheAwareFilter@78b9489f, org.springframework.security.web.servletapi.SecurityContextHolderAwareRequestFilter@557c33a6, org.springframework.security.web.authentication.AnonymousAuthenticationFilter@728981b4, org.springframework.security.web.session.SessionManagementFilter@316e305d, org.springframework.security.web.access.ExceptionTranslationFilter@7eab800e, org.springframework.security.web.access.intercept.AuthorizationFilter@44c85fea]
2023-07-20T11:30:20.777+02:00  INFO 17772 --- [restartedMain] o.s.b.d.a.OptionalLiveReloadServer       : LiveReload server is running on port 35729
2023-07-20T11:30:20.809+02:00  INFO 17772 --- [restartedMain] DiscoveryClientOptionalArgsConfiguration : Eureka HTTP Client uses RestTemplate.
2023-07-20T11:30:20.840+02:00  WARN 17772 --- [restartedMain] iguration$LoadBalancerCaffeineWarnLogger : Spring Cloud LoadBalancer is currently working with the default cache. While this cache implementation is useful for development and tests, it's recommended to use Caffeine cache in production.You can switch to using Caffeine cache, by adding it and org.springframework.cache.caffeine.CaffeineCacheManager to the classpath.
2023-07-20T11:30:20.843+02:00  INFO 17772 --- [restartedMain] o.s.b.a.e.web.EndpointLinksResolver      : Exposing 1 endpoint(s) beneath base path '/actuator'
2023-07-20T11:30:20.902+02:00  INFO 17772 --- [restartedMain] o.s.c.n.eureka.InstanceInfoFactory       : Setting initial instance status as: STARTING
2023-07-20T11:30:21.180+02:00  INFO 17772 --- [restartedMain] o.s.c.n.e.s.EurekaServiceRegistry        : Registering application USER-SERVICE with eureka with status UP
2023-07-20T11:30:21.196+02:00  INFO 17772 --- [restartedMain] o.s.b.w.embedded.tomcat.TomcatWebServer  : Tomcat started on port(s): 8081 (http) with context path '/api'
2023-07-20T11:30:21.197+02:00  INFO 17772 --- [restartedMain] .s.c.n.e.s.EurekaAutoServiceRegistration : Updating port to 8081
2023-07-20T11:30:25.741+02:00  INFO 17772 --- [http-nio-8081-exec-1] o.s.web.servlet.DispatcherServlet        : Initializing Servlet 'dispatcherServlet'
2023-07-20T11:30:25.742+02:00  INFO 17772 --- [http-nio-8081-exec-1] o.s.web.servlet.DispatcherServlet        : Completed initialization in 1 ms
2023-07-20T11:30:25.777+02:00 ERROR 17772 --- [http-nio-8081-exec-1] c.b.userservice.security.utils.JwtUtils  : JWT signature does not match locally computed signature. JWT validity cannot be asserted and should not be trusted.
2023-07-20T11:31:23.315+02:00  INFO 17772 --- [SpringApplicationShutdownHook] o.s.c.n.e.s.EurekaServiceRegistry        : Unregistering application USER-SERVICE with eureka with status DOWN
2023-07-20T11:31:23.332+02:00  INFO 17772 --- [SpringApplicationShutdownHook] j.LocalContainerEntityManagerFactoryBean : Closing JPA EntityManagerFactory for persistence unit 'default'
2023-07-20T11:31:23.722+02:00  WARN 17772 --- [SpringApplicationShutdownHook] o.s.b.f.support.DisposableBeanAdapter    : Invocation of destroy method failed on bean with name 'inMemoryDatabaseShutdownExecutor': org.h2.jdbc.JdbcSQLNonTransientConnectionException: Database is already closed (to disable automatic closing at VM shutdown, add ";DB_CLOSE_ON_EXIT=FALSE" to the db URL) [90121-214]
2023-07-20T11:31:28.846+02:00 [32m INFO[0;39m [2m2023-07-20 11:31:28.846[0;39m [36mo.s.b.d.e.DevToolsPropertyDefaultsPostProcessor[0;39m [32mDevtools property defaults active! Set 'spring.devtools.add-properties' to 'false' to disable
[0;39m 2344 --- [restartedMain] .e.DevToolsPropertyDefaultsPostProcessor : Devtools property defaults active! Set 'spring.devtools.add-properties' to 'false' to disable
2023-07-20T11:31:28.847+02:00 [32m INFO[0;39m [2m2023-07-20 11:31:28.847[0;39m [36mo.s.b.d.e.DevToolsPropertyDefaultsPostProcessor[0;39m [32mFor additional web related logging consider setting the 'logging.level.web' property to 'DEBUG'
[0;39m 2344 --- [restartedMain] .e.DevToolsPropertyDefaultsPostProcessor : For additional web related logging consider setting the 'logging.level.web' property to 'DEBUG'
2023-07-20T11:31:29.583+02:00 [32m INFO[0;39m [2m2023-07-20 11:31:29.583[0;39m [36mo.s.d.r.c.RepositoryConfigurationDelegate[0;39m [32mBootstrapping Spring Data JPA repositories in DEFAULT mode.
[0;39m 2344 --- [restartedMain] .s.d.r.c.RepositoryConfigurationDelegate : Bootstrapping Spring Data JPA repositories in DEFAULT mode.
2023-07-20T11:31:29.707+02:00 [32m INFO[0;39m [2m2023-07-20 11:31:29.707[0;39m [36mo.s.d.r.c.RepositoryConfigurationDelegate[0;39m [32mFinished Spring Data repository scanning in 118 ms. Found 6 JPA repository interfaces.
[0;39m 2344 --- [restartedMain] .s.d.r.c.RepositoryConfigurationDelegate : Finished Spring Data repository scanning in 118 ms. Found 6 JPA repository interfaces.
2023-07-20T11:31:29.923+02:00 [32m INFO[0;39m [2m2023-07-20 11:31:29.923[0;39m [36mo.s.cloud.context.scope.GenericScope[0;39m [32mBeanFactory id=e0c2047d-f051-3b14-a9f7-83e3d1d37d35
[0;39m 2344 --- [restartedMain] o.s.cloud.context.scope.GenericScope     : BeanFactory id=e0c2047d-f051-3b14-a9f7-83e3d1d37d35
2023-07-20T11:31:30.365+02:00 [32m INFO[0;39m [2m2023-07-20 11:31:30.365[0;39m [36mo.s.b.w.e.tomcat.TomcatWebServer[0;39m [32mTomcat initialized with port(s): 8081 (http)
[0;39m 2344 --- [restartedMain] o.s.b.w.embedded.tomcat.TomcatWebServer  : Tomcat initialized with port(s): 8081 (http)
2023-07-20T11:31:30.418+02:00 [32m INFO[0;39m [2m2023-07-20 11:31:30.418[0;39m [36mo.s.b.w.s.c.ServletWebServerApplicationContext[0;39m [32mRoot WebApplicationContext: initialization completed in 1571 ms
[0;39m 2344 --- [restartedMain] w.s.c.ServletWebServerApplicationContext : Root WebApplicationContext: initialization completed in 1571 ms
2023-07-20T11:31:30.627+02:00 [32m INFO[0;39m [2m2023-07-20 11:31:30.627[0;39m [36mo.s.b.a.h.H2ConsoleAutoConfiguration[0;39m [32mH2 console available at '/h2-console'. Database available at 'jdbc:h2:mem:test'
[0;39m 2344 --- [restartedMain] o.s.b.a.h2.H2ConsoleAutoConfiguration    : H2 console available at '/h2-console'. Database available at 'jdbc:h2:mem:test'
2023-07-20T11:31:30.995+02:00 [32m INFO[0;39m [2m2023-07-20 11:31:30.995[0;39m [36mo.s.o.j.p.SpringPersistenceUnitInfo[0;39m [32mNo LoadTimeWeaver setup: ignoring JPA class transformer
[0;39m 2344 --- [restartedMain] o.s.o.j.p.SpringPersistenceUnitInfo      : No LoadTimeWeaver setup: ignoring JPA class transformer
2023-07-20T11:31:31.728+02:00 [32m INFO[0;39m [2m2023-07-20 11:31:31.728[0;39m [36mo.s.o.j.LocalContainerEntityManagerFactoryBean[0;39m [32mInitialized JPA EntityManagerFactory for persistence unit 'default'
[0;39m 2344 --- [restartedMain] j.LocalContainerEntityManagerFactoryBean : Initialized JPA EntityManagerFactory for persistence unit 'default'
2023-07-20T11:31:32.133+02:00 [33m WARN[0;39m [2m2023-07-20 11:31:32.133[0;39m [36mo.s.b.a.o.j.JpaBaseConfiguration$JpaWebConfiguration[0;39m [33mspring.jpa.open-in-view is enabled by default. Therefore, database queries may be performed during view rendering. Explicitly configure spring.jpa.open-in-view to disable this warning
[0;39m 2344 --- [restartedMain] JpaBaseConfiguration$JpaWebConfiguration : spring.jpa.open-in-view is enabled by default. Therefore, database queries may be performed during view rendering. Explicitly configure spring.jpa.open-in-view to disable this warning
2023-07-20T11:31:32.209+02:00 [32m INFO[0;39m [2m2023-07-20 11:31:32.209[0;39m [36mo.s.s.web.DefaultSecurityFilterChain[0;39m [32mWill secure any request with [org.springframework.security.web.session.DisableEncodeUrlFilter@4a58a315, org.springframework.security.web.context.request.async.WebAsyncManagerIntegrationFilter@6c1bb3bf, org.springframework.security.web.context.SecurityContextHolderFilter@67d1c372, org.springframework.security.web.header.HeaderWriterFilter@f1d83a9, org.springframework.security.web.authentication.logout.LogoutFilter@7e6d4700, com.baseddevs.userservice.security.filter.JWTAuthenticationFilter@2c2be687, com.baseddevs.userservice.security.filter.JWTAuthorizationFilter@3cf4391b, org.springframework.security.web.savedrequest.RequestCacheAwareFilter@4ba43baa, org.springframework.security.web.servletapi.SecurityContextHolderAwareRequestFilter@ea30d00, org.springframework.security.web.authentication.AnonymousAuthenticationFilter@33bb759b, org.springframework.security.web.session.SessionManagementFilter@4231fe7e, org.springframework.security.web.access.ExceptionTranslationFilter@7a606da1, org.springframework.security.web.access.intercept.AuthorizationFilter@2e41048d]
[0;39m 2344 --- [restartedMain] o.s.s.web.DefaultSecurityFilterChain     : Will secure any request with [org.springframework.security.web.session.DisableEncodeUrlFilter@4a58a315, org.springframework.security.web.context.request.async.WebAsyncManagerIntegrationFilter@6c1bb3bf, org.springframework.security.web.context.SecurityContextHolderFilter@67d1c372, org.springframework.security.web.header.HeaderWriterFilter@f1d83a9, org.springframework.security.web.authentication.logout.LogoutFilter@7e6d4700, com.baseddevs.userservice.security.filter.JWTAuthenticationFilter@2c2be687, com.baseddevs.userservice.security.filter.JWTAuthorizationFilter@3cf4391b, org.springframework.security.web.savedrequest.RequestCacheAwareFilter@4ba43baa, org.springframework.security.web.servletapi.SecurityContextHolderAwareRequestFilter@ea30d00, org.springframework.security.web.authentication.AnonymousAuthenticationFilter@33bb759b, org.springframework.security.web.session.SessionManagementFilter@4231fe7e, org.springframework.security.web.access.ExceptionTranslationFilter@7a606da1, org.springframework.security.web.access.intercept.AuthorizationFilter@2e41048d]
2023-07-20T11:31:32.615+02:00 [32m INFO[0;39m [2m2023-07-20 11:31:32.615[0;39m [36mo.s.b.d.a.OptionalLiveReloadServer[0;39m [32mLiveReload server is running on port 35729
[0;39m 2344 --- [restartedMain] o.s.b.d.a.OptionalLiveReloadServer       : LiveReload server is running on port 35729
2023-07-20T11:31:32.647+02:00 [32m INFO[0;39m [2m2023-07-20 11:31:32.647[0;39m [36mo.s.c.n.e.c.DiscoveryClientOptionalArgsConfiguration[0;39m [32mEureka HTTP Client uses RestTemplate.
[0;39m 2344 --- [restartedMain] DiscoveryClientOptionalArgsConfiguration : Eureka HTTP Client uses RestTemplate.
2023-07-20T11:31:32.676+02:00 [33m WARN[0;39m [2m2023-07-20 11:31:32.676[0;39m [36mo.s.c.l.c.LoadBalancerCacheAutoConfiguration$LoadBalancerCaffeineWarnLogger[0;39m [33mSpring Cloud LoadBalancer is currently working with the default cache. While this cache implementation is useful for development and tests, it's recommended to use Caffeine cache in production.You can switch to using Caffeine cache, by adding it and org.springframework.cache.caffeine.CaffeineCacheManager to the classpath.
[0;39m 2344 --- [restartedMain] iguration$LoadBalancerCaffeineWarnLogger : Spring Cloud LoadBalancer is currently working with the default cache. While this cache implementation is useful for development and tests, it's recommended to use Caffeine cache in production.You can switch to using Caffeine cache, by adding it and org.springframework.cache.caffeine.CaffeineCacheManager to the classpath.
2023-07-20T11:31:32.679+02:00 [32m INFO[0;39m [2m2023-07-20 11:31:32.679[0;39m [36mo.s.b.a.e.web.EndpointLinksResolver[0;39m [32mExposing 1 endpoint(s) beneath base path '/actuator'
[0;39m 2344 --- [restartedMain] o.s.b.a.e.web.EndpointLinksResolver      : Exposing 1 endpoint(s) beneath base path '/actuator'
2023-07-20T11:31:32.744+02:00 [32m INFO[0;39m [2m2023-07-20 11:31:32.744[0;39m [36mo.s.c.n.eureka.InstanceInfoFactory[0;39m [32mSetting initial instance status as: STARTING
[0;39m 2344 --- [restartedMain] o.s.c.n.eureka.InstanceInfoFactory       : Setting initial instance status as: STARTING
2023-07-20T11:31:33.017+02:00 [32m INFO[0;39m [2m2023-07-20 11:31:33.017[0;39m [36mo.s.c.n.e.s.EurekaServiceRegistry[0;39m [32mRegistering application USER-SERVICE with eureka with status UP
[0;39m 2344 --- [restartedMain] o.s.c.n.e.s.EurekaServiceRegistry        : Registering application USER-SERVICE with eureka with status UP
2023-07-20T11:31:33.032+02:00 [32m INFO[0;39m [2m2023-07-20 11:31:33.032[0;39m [36mo.s.b.w.e.tomcat.TomcatWebServer[0;39m [32mTomcat started on port(s): 8081 (http) with context path '/api'
[0;39m 2344 --- [restartedMain] o.s.b.w.embedded.tomcat.TomcatWebServer  : Tomcat started on port(s): 8081 (http) with context path '/api'
2023-07-20T11:31:33.033+02:00 [32m INFO[0;39m [2m2023-07-20 11:31:33.033[0;39m [36mo.s.c.n.e.s.EurekaAutoServiceRegistration[0;39m [32mUpdating port to 8081
[0;39m 2344 --- [restartedMain] .s.c.n.e.s.EurekaAutoServiceRegistration : Updating port to 8081
2023-07-20T11:31:34.362+02:00 [32m INFO[0;39m [2m2023-07-20 11:31:34.362[0;39m [36mo.s.web.servlet.DispatcherServlet[0;39m [32mInitializing Servlet 'dispatcherServlet'
[0;39m 2344 --- [http-nio-8081-exec-3] o.s.web.servlet.DispatcherServlet        : Initializing Servlet 'dispatcherServlet'
2023-07-20T11:31:34.363+02:00 [32m INFO[0;39m [2m2023-07-20 11:31:34.363[0;39m [36mo.s.web.servlet.DispatcherServlet[0;39m [32mCompleted initialization in 1 ms
[0;39m 2344 --- [http-nio-8081-exec-3] o.s.web.servlet.DispatcherServlet        : Completed initialization in 1 ms
2023-07-20T11:31:34.398+02:00 [31mERROR[0;39m [2m2023-07-20 11:31:34.398[0;39m [36mc.b.u.security.utils.JwtUtils[0;39m [31mJWT signature does not match locally computed signature. JWT validity cannot be asserted and should not be trusted.
[0;39m 2344 --- [http-nio-8081-exec-3] c.b.userservice.security.utils.JwtUtils  : JWT signature does not match locally computed signature. JWT validity cannot be asserted and should not be trusted.
2023-07-20T11:32:00.203+02:00 [32m INFO[0;39m [2m2023-07-20 11:32:00.203[0;39m [36mo.s.c.n.e.s.EurekaServiceRegistry[0;39m [32mUnregistering application USER-SERVICE with eureka with status DOWN
[0;39m 2344 --- [SpringApplicationShutdownHook] o.s.c.n.e.s.EurekaServiceRegistry        : Unregistering application USER-SERVICE with eureka with status DOWN
2023-07-20T11:32:00.220+02:00 [32m INFO[0;39m [2m2023-07-20 11:32:00.220[0;39m [36mo.s.o.j.LocalContainerEntityManagerFactoryBean[0;39m [32mClosing JPA EntityManagerFactory for persistence unit 'default'
[0;39m 2344 --- [SpringApplicationShutdownHook] j.LocalContainerEntityManagerFactoryBean : Closing JPA EntityManagerFactory for persistence unit 'default'
2023-07-20T11:32:00.621+02:00 [33m WARN[0;39m [2m2023-07-20 11:32:00.621[0;39m [36mo.s.b.f.s.DisposableBeanAdapter[0;39m [33mInvocation of destroy method failed on bean with name 'inMemoryDatabaseShutdownExecutor': org.h2.jdbc.JdbcSQLNonTransientConnectionException: Database is already closed (to disable automatic closing at VM shutdown, add ";DB_CLOSE_ON_EXIT=FALSE" to the db URL) [90121-214]
[0;39m 2344 --- [SpringApplicationShutdownHook] o.s.b.f.support.DisposableBeanAdapter    : Invocation of destroy method failed on bean with name 'inMemoryDatabaseShutdownExecutor': org.h2.jdbc.JdbcSQLNonTransientConnectionException: Database is already closed (to disable automatic closing at VM shutdown, add ";DB_CLOSE_ON_EXIT=FALSE" to the db URL) [90121-214]
2023-07-20T11:32:03.792+02:00 [33m WARN[0;39m [2m2023-07-20 11:32:03.792[0;39m [36mc.n.discovery.TimedSupervisorTask[0;39m [33mtask supervisor shutting down, can't accept the task
[0;39m 2344 --- [DiscoveryClient-0] c.netflix.discovery.TimedSupervisorTask  : task supervisor shutting down, can't accept the task
2023-07-20T11:32:05.717+02:00 [32m INFO[0;39m [2m2023-07-20 11:32:05.717[0;39m [36mo.s.b.d.e.DevToolsPropertyDefaultsPostProcessor[0;39m [32mDevtools property defaults active! Set 'spring.devtools.add-properties' to 'false' to disable
[0;39m 21440 --- [restartedMain] .e.DevToolsPropertyDefaultsPostProcessor : Devtools property defaults active! Set 'spring.devtools.add-properties' to 'false' to disable
2023-07-20T11:32:05.718+02:00 [32m INFO[0;39m [2m2023-07-20 11:32:05.718[0;39m [36mo.s.b.d.e.DevToolsPropertyDefaultsPostProcessor[0;39m [32mFor additional web related logging consider setting the 'logging.level.web' property to 'DEBUG'
[0;39m 21440 --- [restartedMain] .e.DevToolsPropertyDefaultsPostProcessor : For additional web related logging consider setting the 'logging.level.web' property to 'DEBUG'
2023-07-20T11:32:06.422+02:00 [32m INFO[0;39m [2m2023-07-20 11:32:06.422[0;39m [36mo.s.d.r.c.RepositoryConfigurationDelegate[0;39m [32mBootstrapping Spring Data JPA repositories in DEFAULT mode.
[0;39m 21440 --- [restartedMain] .s.d.r.c.RepositoryConfigurationDelegate : Bootstrapping Spring Data JPA repositories in DEFAULT mode.
2023-07-20T11:32:06.544+02:00 [32m INFO[0;39m [2m2023-07-20 11:32:06.544[0;39m [36mo.s.d.r.c.RepositoryConfigurationDelegate[0;39m [32mFinished Spring Data repository scanning in 117 ms. Found 6 JPA repository interfaces.
[0;39m 21440 --- [restartedMain] .s.d.r.c.RepositoryConfigurationDelegate : Finished Spring Data repository scanning in 117 ms. Found 6 JPA repository interfaces.
2023-07-20T11:32:06.733+02:00 [32m INFO[0;39m [2m2023-07-20 11:32:06.733[0;39m [36mo.s.cloud.context.scope.GenericScope[0;39m [32mBeanFactory id=e0c2047d-f051-3b14-a9f7-83e3d1d37d35
[0;39m 21440 --- [restartedMain] o.s.cloud.context.scope.GenericScope     : BeanFactory id=e0c2047d-f051-3b14-a9f7-83e3d1d37d35
2023-07-20T11:32:07.133+02:00 [32m INFO[0;39m [2m2023-07-20 11:32:07.133[0;39m [36mo.s.b.w.e.tomcat.TomcatWebServer[0;39m [32mTomcat initialized with port(s): 8081 (http)
[0;39m 21440 --- [restartedMain] o.s.b.w.embedded.tomcat.TomcatWebServer  : Tomcat initialized with port(s): 8081 (http)
2023-07-20T11:32:07.185+02:00 [32m INFO[0;39m [2m2023-07-20 11:32:07.185[0;39m [36mo.s.b.w.s.c.ServletWebServerApplicationContext[0;39m [32mRoot WebApplicationContext: initialization completed in 1467 ms
[0;39m 21440 --- [restartedMain] w.s.c.ServletWebServerApplicationContext : Root WebApplicationContext: initialization completed in 1467 ms
2023-07-20T11:32:07.392+02:00 [32m INFO[0;39m [2m2023-07-20 11:32:07.392[0;39m [36mo.s.b.a.h.H2ConsoleAutoConfiguration[0;39m [32mH2 console available at '/h2-console'. Database available at 'jdbc:h2:mem:test'
[0;39m 21440 --- [restartedMain] o.s.b.a.h2.H2ConsoleAutoConfiguration    : H2 console available at '/h2-console'. Database available at 'jdbc:h2:mem:test'
2023-07-20T11:32:07.759+02:00 [32m INFO[0;39m [2m2023-07-20 11:32:07.759[0;39m [36mo.s.o.j.p.SpringPersistenceUnitInfo[0;39m [32mNo LoadTimeWeaver setup: ignoring JPA class transformer
[0;39m 21440 --- [restartedMain] o.s.o.j.p.SpringPersistenceUnitInfo      : No LoadTimeWeaver setup: ignoring JPA class transformer
2023-07-20T11:32:08.479+02:00 [32m INFO[0;39m [2m2023-07-20 11:32:08.479[0;39m [36mo.s.o.j.LocalContainerEntityManagerFactoryBean[0;39m [32mInitialized JPA EntityManagerFactory for persistence unit 'default'
[0;39m 21440 --- [restartedMain] j.LocalContainerEntityManagerFactoryBean : Initialized JPA EntityManagerFactory for persistence unit 'default'
2023-07-20T11:32:08.870+02:00 [33m WARN[0;39m [2m2023-07-20 11:32:08.870[0;39m [36mo.s.b.a.o.j.JpaBaseConfiguration$JpaWebConfiguration[0;39m [33mspring.jpa.open-in-view is enabled by default. Therefore, database queries may be performed during view rendering. Explicitly configure spring.jpa.open-in-view to disable this warning
[0;39m 21440 --- [restartedMain] JpaBaseConfiguration$JpaWebConfiguration : spring.jpa.open-in-view is enabled by default. Therefore, database queries may be performed during view rendering. Explicitly configure spring.jpa.open-in-view to disable this warning
2023-07-20T11:32:08.941+02:00 [32m INFO[0;39m [2m2023-07-20 11:32:08.941[0;39m [36mo.s.s.web.DefaultSecurityFilterChain[0;39m [32mWill secure any request with [org.springframework.security.web.session.DisableEncodeUrlFilter@114f6292, org.springframework.security.web.context.request.async.WebAsyncManagerIntegrationFilter@7009db71, org.springframework.security.web.context.SecurityContextHolderFilter@9f8facd, org.springframework.security.web.header.HeaderWriterFilter@64300347, org.springframework.security.web.authentication.logout.LogoutFilter@62c5e40a, com.baseddevs.userservice.security.filter.JWTAuthenticationFilter@4986bc3, com.baseddevs.userservice.security.filter.JWTAuthorizationFilter@4b3ec388, org.springframework.security.web.savedrequest.RequestCacheAwareFilter@2dba7733, org.springframework.security.web.servletapi.SecurityContextHolderAwareRequestFilter@7087f542, org.springframework.security.web.authentication.AnonymousAuthenticationFilter@210f638f, org.springframework.security.web.session.SessionManagementFilter@1d1362e0, org.springframework.security.web.access.ExceptionTranslationFilter@57088579, org.springframework.security.web.access.intercept.AuthorizationFilter@6cc1acd6]
[0;39m 21440 --- [restartedMain] o.s.s.web.DefaultSecurityFilterChain     : Will secure any request with [org.springframework.security.web.session.DisableEncodeUrlFilter@114f6292, org.springframework.security.web.context.request.async.WebAsyncManagerIntegrationFilter@7009db71, org.springframework.security.web.context.SecurityContextHolderFilter@9f8facd, org.springframework.security.web.header.HeaderWriterFilter@64300347, org.springframework.security.web.authentication.logout.LogoutFilter@62c5e40a, com.baseddevs.userservice.security.filter.JWTAuthenticationFilter@4986bc3, com.baseddevs.userservice.security.filter.JWTAuthorizationFilter@4b3ec388, org.springframework.security.web.savedrequest.RequestCacheAwareFilter@2dba7733, org.springframework.security.web.servletapi.SecurityContextHolderAwareRequestFilter@7087f542, org.springframework.security.web.authentication.AnonymousAuthenticationFilter@210f638f, org.springframework.security.web.session.SessionManagementFilter@1d1362e0, org.springframework.security.web.access.ExceptionTranslationFilter@57088579, org.springframework.security.web.access.intercept.AuthorizationFilter@6cc1acd6]
2023-07-20T11:32:09.356+02:00 [32m INFO[0;39m [2m2023-07-20 11:32:09.356[0;39m [36mo.s.b.d.a.OptionalLiveReloadServer[0;39m [32mLiveReload server is running on port 35729
[0;39m 21440 --- [restartedMain] o.s.b.d.a.OptionalLiveReloadServer       : LiveReload server is running on port 35729
2023-07-20T11:32:09.388+02:00 [32m INFO[0;39m [2m2023-07-20 11:32:09.388[0;39m [36mo.s.c.n.e.c.DiscoveryClientOptionalArgsConfiguration[0;39m [32mEureka HTTP Client uses RestTemplate.
[0;39m 21440 --- [restartedMain] DiscoveryClientOptionalArgsConfiguration : Eureka HTTP Client uses RestTemplate.
2023-07-20T11:32:09.418+02:00 [33m WARN[0;39m [2m2023-07-20 11:32:09.418[0;39m [36mo.s.c.l.c.LoadBalancerCacheAutoConfiguration$LoadBalancerCaffeineWarnLogger[0;39m [33mSpring Cloud LoadBalancer is currently working with the default cache. While this cache implementation is useful for development and tests, it's recommended to use Caffeine cache in production.You can switch to using Caffeine cache, by adding it and org.springframework.cache.caffeine.CaffeineCacheManager to the classpath.
[0;39m 21440 --- [restartedMain] iguration$LoadBalancerCaffeineWarnLogger : Spring Cloud LoadBalancer is currently working with the default cache. While this cache implementation is useful for development and tests, it's recommended to use Caffeine cache in production.You can switch to using Caffeine cache, by adding it and org.springframework.cache.caffeine.CaffeineCacheManager to the classpath.
2023-07-20T11:32:09.421+02:00 [32m INFO[0;39m [2m2023-07-20 11:32:09.421[0;39m [36mo.s.b.a.e.web.EndpointLinksResolver[0;39m [32mExposing 1 endpoint(s) beneath base path '/actuator'
[0;39m 21440 --- [restartedMain] o.s.b.a.e.web.EndpointLinksResolver      : Exposing 1 endpoint(s) beneath base path '/actuator'
2023-07-20T11:32:09.479+02:00 [32m INFO[0;39m [2m2023-07-20 11:32:09.479[0;39m [36mo.s.c.n.eureka.InstanceInfoFactory[0;39m [32mSetting initial instance status as: STARTING
[0;39m 21440 --- [restartedMain] o.s.c.n.eureka.InstanceInfoFactory       : Setting initial instance status as: STARTING
2023-07-20T11:32:09.845+02:00 [32m INFO[0;39m [2m2023-07-20 11:32:09.845[0;39m [36mo.s.c.n.e.s.EurekaServiceRegistry[0;39m [32mRegistering application USER-SERVICE with eureka with status UP
[0;39m 21440 --- [restartedMain] o.s.c.n.e.s.EurekaServiceRegistry        : Registering application USER-SERVICE with eureka with status UP
2023-07-20T11:32:09.867+02:00 [32m INFO[0;39m [2m2023-07-20 11:32:09.867[0;39m [36mo.s.b.w.e.tomcat.TomcatWebServer[0;39m [32mTomcat started on port(s): 8081 (http) with context path '/api'
[0;39m 21440 --- [restartedMain] o.s.b.w.embedded.tomcat.TomcatWebServer  : Tomcat started on port(s): 8081 (http) with context path '/api'
2023-07-20T11:32:09.868+02:00 [32m INFO[0;39m [2m2023-07-20 11:32:09.868[0;39m [36mo.s.c.n.e.s.EurekaAutoServiceRegistration[0;39m [32mUpdating port to 8081
[0;39m 21440 --- [restartedMain] .s.c.n.e.s.EurekaAutoServiceRegistration : Updating port to 8081
2023-07-20T11:32:11.840+02:00 [32m INFO[0;39m [2m2023-07-20 11:32:11.840[0;39m [36mo.s.web.servlet.DispatcherServlet[0;39m [32mInitializing Servlet 'dispatcherServlet'
[0;39m 21440 --- [http-nio-8081-exec-2] o.s.web.servlet.DispatcherServlet        : Initializing Servlet 'dispatcherServlet'
2023-07-20T11:32:11.842+02:00 [32m INFO[0;39m [2m2023-07-20 11:32:11.842[0;39m [36mo.s.web.servlet.DispatcherServlet[0;39m [32mCompleted initialization in 1 ms
[0;39m 21440 --- [http-nio-8081-exec-2] o.s.web.servlet.DispatcherServlet        : Completed initialization in 1 ms
2023-07-20T11:32:11.878+02:00 [31mERROR[0;39m [2m2023-07-20 11:32:11.878[0;39m [36mc.b.u.security.utils.JwtUtils[0;39m [31mJWT signature does not match locally computed signature. JWT validity cannot be asserted and should not be trusted.
[0;39m 21440 --- [http-nio-8081-exec-2] c.b.userservice.security.utils.JwtUtils  : JWT signature does not match locally computed signature. JWT validity cannot be asserted and should not be trusted.
2023-07-20T12:00:05.583+02:00 [32m INFO[0;39m [2m2023-07-20 12:00:05.583[0;39m [36mo.s.c.n.e.s.EurekaServiceRegistry[0;39m [32mUnregistering application USER-SERVICE with eureka with status DOWN
[0;39m 21440 --- [SpringApplicationShutdownHook] o.s.c.n.e.s.EurekaServiceRegistry        : Unregistering application USER-SERVICE with eureka with status DOWN
2023-07-20T12:00:05.603+02:00 [32m INFO[0;39m [2m2023-07-20 12:00:05.603[0;39m [36mo.s.o.j.LocalContainerEntityManagerFactoryBean[0;39m [32mClosing JPA EntityManagerFactory for persistence unit 'default'
[0;39m 21440 --- [SpringApplicationShutdownHook] j.LocalContainerEntityManagerFactoryBean : Closing JPA EntityManagerFactory for persistence unit 'default'
2023-07-20T12:00:05.990+02:00 [33m WARN[0;39m [2m2023-07-20 12:00:05.990[0;39m [36mo.s.b.f.s.DisposableBeanAdapter[0;39m [33mInvocation of destroy method failed on bean with name 'inMemoryDatabaseShutdownExecutor': org.h2.jdbc.JdbcSQLNonTransientConnectionException: Database is already closed (to disable automatic closing at VM shutdown, add ";DB_CLOSE_ON_EXIT=FALSE" to the db URL) [90121-214]
[0;39m 21440 --- [SpringApplicationShutdownHook] o.s.b.f.support.DisposableBeanAdapter    : Invocation of destroy method failed on bean with name 'inMemoryDatabaseShutdownExecutor': org.h2.jdbc.JdbcSQLNonTransientConnectionException: Database is already closed (to disable automatic closing at VM shutdown, add ";DB_CLOSE_ON_EXIT=FALSE" to the db URL) [90121-214]
2023-07-20T12:00:11.945+02:00 [32m INFO[0;39m [2m2023-07-20 12:00:11.945[0;39m [36mo.s.b.d.e.DevToolsPropertyDefaultsPostProcessor[0;39m [32mDevtools property defaults active! Set 'spring.devtools.add-properties' to 'false' to disable
[0;39m 13668 --- [restartedMain] .e.DevToolsPropertyDefaultsPostProcessor : Devtools property defaults active! Set 'spring.devtools.add-properties' to 'false' to disable
2023-07-20T12:00:11.947+02:00 [32m INFO[0;39m [2m2023-07-20 12:00:11.947[0;39m [36mo.s.b.d.e.DevToolsPropertyDefaultsPostProcessor[0;39m [32mFor additional web related logging consider setting the 'logging.level.web' property to 'DEBUG'
[0;39m 13668 --- [restartedMain] .e.DevToolsPropertyDefaultsPostProcessor : For additional web related logging consider setting the 'logging.level.web' property to 'DEBUG'
2023-07-20T12:00:12.641+02:00 [32m INFO[0;39m [2m2023-07-20 12:00:12.641[0;39m [36mo.s.d.r.c.RepositoryConfigurationDelegate[0;39m [32mBootstrapping Spring Data JPA repositories in DEFAULT mode.
[0;39m 13668 --- [restartedMain] .s.d.r.c.RepositoryConfigurationDelegate : Bootstrapping Spring Data JPA repositories in DEFAULT mode.
2023-07-20T12:00:12.762+02:00 [32m INFO[0;39m [2m2023-07-20 12:00:12.762[0;39m [36mo.s.d.r.c.RepositoryConfigurationDelegate[0;39m [32mFinished Spring Data repository scanning in 116 ms. Found 6 JPA repository interfaces.
[0;39m 13668 --- [restartedMain] .s.d.r.c.RepositoryConfigurationDelegate : Finished Spring Data repository scanning in 116 ms. Found 6 JPA repository interfaces.
2023-07-20T12:00:12.947+02:00 [32m INFO[0;39m [2m2023-07-20 12:00:12.947[0;39m [36mo.s.cloud.context.scope.GenericScope[0;39m [32mBeanFactory id=e0c2047d-f051-3b14-a9f7-83e3d1d37d35
[0;39m 13668 --- [restartedMain] o.s.cloud.context.scope.GenericScope     : BeanFactory id=e0c2047d-f051-3b14-a9f7-83e3d1d37d35
2023-07-20T12:00:13.354+02:00 [32m INFO[0;39m [2m2023-07-20 12:00:13.354[0;39m [36mo.s.b.w.e.tomcat.TomcatWebServer[0;39m [32mTomcat initialized with port(s): 8081 (http)
[0;39m 13668 --- [restartedMain] o.s.b.w.embedded.tomcat.TomcatWebServer  : Tomcat initialized with port(s): 8081 (http)
2023-07-20T12:00:13.407+02:00 [32m INFO[0;39m [2m2023-07-20 12:00:13.407[0;39m [36mo.s.b.w.s.c.ServletWebServerApplicationContext[0;39m [32mRoot WebApplicationContext: initialization completed in 1460 ms
[0;39m 13668 --- [restartedMain] w.s.c.ServletWebServerApplicationContext : Root WebApplicationContext: initialization completed in 1460 ms
2023-07-20T12:00:13.616+02:00 [32m INFO[0;39m [2m2023-07-20 12:00:13.616[0;39m [36mo.s.b.a.h.H2ConsoleAutoConfiguration[0;39m [32mH2 console available at '/h2-console'. Database available at 'jdbc:h2:mem:test'
[0;39m 13668 --- [restartedMain] o.s.b.a.h2.H2ConsoleAutoConfiguration    : H2 console available at '/h2-console'. Database available at 'jdbc:h2:mem:test'
2023-07-20T12:00:13.977+02:00 [32m INFO[0;39m [2m2023-07-20 12:00:13.977[0;39m [36mo.s.o.j.p.SpringPersistenceUnitInfo[0;39m [32mNo LoadTimeWeaver setup: ignoring JPA class transformer
[0;39m 13668 --- [restartedMain] o.s.o.j.p.SpringPersistenceUnitInfo      : No LoadTimeWeaver setup: ignoring JPA class transformer
2023-07-20T12:00:14.715+02:00 [32m INFO[0;39m [2m2023-07-20 12:00:14.715[0;39m [36mo.s.o.j.LocalContainerEntityManagerFactoryBean[0;39m [32mInitialized JPA EntityManagerFactory for persistence unit 'default'
[0;39m 13668 --- [restartedMain] j.LocalContainerEntityManagerFactoryBean : Initialized JPA EntityManagerFactory for persistence unit 'default'
2023-07-20T12:00:15.126+02:00 [33m WARN[0;39m [2m2023-07-20 12:00:15.126[0;39m [36mo.s.b.a.o.j.JpaBaseConfiguration$JpaWebConfiguration[0;39m [33mspring.jpa.open-in-view is enabled by default. Therefore, database queries may be performed during view rendering. Explicitly configure spring.jpa.open-in-view to disable this warning
[0;39m 13668 --- [restartedMain] JpaBaseConfiguration$JpaWebConfiguration : spring.jpa.open-in-view is enabled by default. Therefore, database queries may be performed during view rendering. Explicitly configure spring.jpa.open-in-view to disable this warning
2023-07-20T12:00:15.401+02:00 [32m INFO[0;39m [2m2023-07-20 12:00:15.401[0;39m [36mo.s.b.a.e.web.EndpointLinksResolver[0;39m [32mExposing 1 endpoint(s) beneath base path '/actuator'
[0;39m 13668 --- [restartedMain] o.s.b.a.e.web.EndpointLinksResolver      : Exposing 1 endpoint(s) beneath base path '/actuator'
2023-07-20T12:00:15.428+02:00 [32m INFO[0;39m [2m2023-07-20 12:00:15.428[0;39m [36mo.s.s.web.DefaultSecurityFilterChain[0;39m [32mWill secure any request with [org.springframework.security.web.session.DisableEncodeUrlFilter@11caf31a, org.springframework.security.web.context.request.async.WebAsyncManagerIntegrationFilter@60c9029b, org.springframework.security.web.context.SecurityContextHolderFilter@22037c83, org.springframework.security.web.header.HeaderWriterFilter@7d37bc72, org.springframework.security.web.authentication.logout.LogoutFilter@e97801d, com.baseddevs.userservice.security.filter.JWTAuthenticationFilter@4e84427e, com.baseddevs.userservice.security.filter.JWTAuthorizationFilter@121f2174, org.springframework.security.web.savedrequest.RequestCacheAwareFilter@5e6dec1, org.springframework.security.web.servletapi.SecurityContextHolderAwareRequestFilter@4a275a1b, org.springframework.security.web.authentication.AnonymousAuthenticationFilter@540b420e, org.springframework.security.web.session.SessionManagementFilter@374c1d84, org.springframework.security.web.access.ExceptionTranslationFilter@27b09462, org.springframework.security.web.access.intercept.AuthorizationFilter@2b3b4939]
[0;39m 13668 --- [restartedMain] o.s.s.web.DefaultSecurityFilterChain     : Will secure any request with [org.springframework.security.web.session.DisableEncodeUrlFilter@11caf31a, org.springframework.security.web.context.request.async.WebAsyncManagerIntegrationFilter@60c9029b, org.springframework.security.web.context.SecurityContextHolderFilter@22037c83, org.springframework.security.web.header.HeaderWriterFilter@7d37bc72, org.springframework.security.web.authentication.logout.LogoutFilter@e97801d, com.baseddevs.userservice.security.filter.JWTAuthenticationFilter@4e84427e, com.baseddevs.userservice.security.filter.JWTAuthorizationFilter@121f2174, org.springframework.security.web.savedrequest.RequestCacheAwareFilter@5e6dec1, org.springframework.security.web.servletapi.SecurityContextHolderAwareRequestFilter@4a275a1b, org.springframework.security.web.authentication.AnonymousAuthenticationFilter@540b420e, org.springframework.security.web.session.SessionManagementFilter@374c1d84, org.springframework.security.web.access.ExceptionTranslationFilter@27b09462, org.springframework.security.web.access.intercept.AuthorizationFilter@2b3b4939]
2023-07-20T12:00:15.628+02:00 [32m INFO[0;39m [2m2023-07-20 12:00:15.628[0;39m [36mo.s.b.d.a.OptionalLiveReloadServer[0;39m [32mLiveReload server is running on port 35729
[0;39m 13668 --- [restartedMain] o.s.b.d.a.OptionalLiveReloadServer       : LiveReload server is running on port 35729
2023-07-20T12:00:15.660+02:00 [32m INFO[0;39m [2m2023-07-20 12:00:15.660[0;39m [36mo.s.c.n.e.c.DiscoveryClientOptionalArgsConfiguration[0;39m [32mEureka HTTP Client uses RestTemplate.
[0;39m 13668 --- [restartedMain] DiscoveryClientOptionalArgsConfiguration : Eureka HTTP Client uses RestTemplate.
2023-07-20T12:00:15.690+02:00 [33m WARN[0;39m [2m2023-07-20 12:00:15.690[0;39m [36mo.s.c.l.c.LoadBalancerCacheAutoConfiguration$LoadBalancerCaffeineWarnLogger[0;39m [33mSpring Cloud LoadBalancer is currently working with the default cache. While this cache implementation is useful for development and tests, it's recommended to use Caffeine cache in production.You can switch to using Caffeine cache, by adding it and org.springframework.cache.caffeine.CaffeineCacheManager to the classpath.
[0;39m 13668 --- [restartedMain] iguration$LoadBalancerCaffeineWarnLogger : Spring Cloud LoadBalancer is currently working with the default cache. While this cache implementation is useful for development and tests, it's recommended to use Caffeine cache in production.You can switch to using Caffeine cache, by adding it and org.springframework.cache.caffeine.CaffeineCacheManager to the classpath.
2023-07-20T12:00:15.745+02:00 [32m INFO[0;39m [2m2023-07-20 12:00:15.745[0;39m [36mo.s.c.n.eureka.InstanceInfoFactory[0;39m [32mSetting initial instance status as: STARTING
[0;39m 13668 --- [restartedMain] o.s.c.n.eureka.InstanceInfoFactory       : Setting initial instance status as: STARTING
2023-07-20T12:00:16.028+02:00 [32m INFO[0;39m [2m2023-07-20 12:00:16.028[0;39m [36mo.s.c.n.e.s.EurekaServiceRegistry[0;39m [32mRegistering application USER-SERVICE with eureka with status UP
[0;39m 13668 --- [restartedMain] o.s.c.n.e.s.EurekaServiceRegistry        : Registering application USER-SERVICE with eureka with status UP
2023-07-20T12:00:16.044+02:00 [32m INFO[0;39m [2m2023-07-20 12:00:16.044[0;39m [36mo.s.b.w.e.tomcat.TomcatWebServer[0;39m [32mTomcat started on port(s): 8081 (http) with context path '/api'
[0;39m 13668 --- [restartedMain] o.s.b.w.embedded.tomcat.TomcatWebServer  : Tomcat started on port(s): 8081 (http) with context path '/api'
2023-07-20T12:00:16.045+02:00 [32m INFO[0;39m [2m2023-07-20 12:00:16.045[0;39m [36mo.s.c.n.e.s.EurekaAutoServiceRegistration[0;39m [32mUpdating port to 8081
[0;39m 13668 --- [restartedMain] .s.c.n.e.s.EurekaAutoServiceRegistration : Updating port to 8081
2023-07-20T12:00:24.404+02:00 [32m INFO[0;39m [2m2023-07-20 12:00:24.404[0;39m [36mo.s.web.servlet.DispatcherServlet[0;39m [32mInitializing Servlet 'dispatcherServlet'
[0;39m 13668 --- [http-nio-8081-exec-3] o.s.web.servlet.DispatcherServlet        : Initializing Servlet 'dispatcherServlet'
2023-07-20T12:00:24.405+02:00 [32m INFO[0;39m [2m2023-07-20 12:00:24.405[0;39m [36mo.s.web.servlet.DispatcherServlet[0;39m [32mCompleted initialization in 1 ms
[0;39m 13668 --- [http-nio-8081-exec-3] o.s.web.servlet.DispatcherServlet        : Completed initialization in 1 ms
2023-07-20T12:08:17.338+02:00 [32m INFO[0;39m [2m2023-07-20 12:08:17.338[0;39m [36mo.s.c.n.e.s.EurekaServiceRegistry[0;39m [32mUnregistering application USER-SERVICE with eureka with status DOWN
[0;39m 13668 --- [SpringApplicationShutdownHook] o.s.c.n.e.s.EurekaServiceRegistry        : Unregistering application USER-SERVICE with eureka with status DOWN
2023-07-20T12:08:17.355+02:00 [32m INFO[0;39m [2m2023-07-20 12:08:17.355[0;39m [36mo.s.o.j.LocalContainerEntityManagerFactoryBean[0;39m [32mClosing JPA EntityManagerFactory for persistence unit 'default'
[0;39m 13668 --- [SpringApplicationShutdownHook] j.LocalContainerEntityManagerFactoryBean : Closing JPA EntityManagerFactory for persistence unit 'default'
2023-07-20T12:08:17.766+02:00 [33m WARN[0;39m [2m2023-07-20 12:08:17.766[0;39m [36mo.s.b.f.s.DisposableBeanAdapter[0;39m [33mInvocation of destroy method failed on bean with name 'inMemoryDatabaseShutdownExecutor': org.h2.jdbc.JdbcSQLNonTransientConnectionException: Database is already closed (to disable automatic closing at VM shutdown, add ";DB_CLOSE_ON_EXIT=FALSE" to the db URL) [90121-214]
[0;39m 13668 --- [SpringApplicationShutdownHook] o.s.b.f.support.DisposableBeanAdapter    : Invocation of destroy method failed on bean with name 'inMemoryDatabaseShutdownExecutor': org.h2.jdbc.JdbcSQLNonTransientConnectionException: Database is already closed (to disable automatic closing at VM shutdown, add ";DB_CLOSE_ON_EXIT=FALSE" to the db URL) [90121-214]
2023-07-20T12:08:23.593+02:00 [32m INFO[0;39m [2m2023-07-20 12:08:23.593[0;39m [36mo.s.b.d.e.DevToolsPropertyDefaultsPostProcessor[0;39m [32mDevtools property defaults active! Set 'spring.devtools.add-properties' to 'false' to disable
[0;39m 10004 --- [restartedMain] .e.DevToolsPropertyDefaultsPostProcessor : Devtools property defaults active! Set 'spring.devtools.add-properties' to 'false' to disable
2023-07-20T12:08:23.594+02:00 [32m INFO[0;39m [2m2023-07-20 12:08:23.594[0;39m [36mo.s.b.d.e.DevToolsPropertyDefaultsPostProcessor[0;39m [32mFor additional web related logging consider setting the 'logging.level.web' property to 'DEBUG'
[0;39m 10004 --- [restartedMain] .e.DevToolsPropertyDefaultsPostProcessor : For additional web related logging consider setting the 'logging.level.web' property to 'DEBUG'
2023-07-20T12:08:24.304+02:00 [32m INFO[0;39m [2m2023-07-20 12:08:24.304[0;39m [36mo.s.d.r.c.RepositoryConfigurationDelegate[0;39m [32mBootstrapping Spring Data JPA repositories in DEFAULT mode.
[0;39m 10004 --- [restartedMain] .s.d.r.c.RepositoryConfigurationDelegate : Bootstrapping Spring Data JPA repositories in DEFAULT mode.
2023-07-20T12:08:24.425+02:00 [32m INFO[0;39m [2m2023-07-20 12:08:24.425[0;39m [36mo.s.d.r.c.RepositoryConfigurationDelegate[0;39m [32mFinished Spring Data repository scanning in 116 ms. Found 6 JPA repository interfaces.
[0;39m 10004 --- [restartedMain] .s.d.r.c.RepositoryConfigurationDelegate : Finished Spring Data repository scanning in 116 ms. Found 6 JPA repository interfaces.
2023-07-20T12:08:24.611+02:00 [32m INFO[0;39m [2m2023-07-20 12:08:24.611[0;39m [36mo.s.cloud.context.scope.GenericScope[0;39m [32mBeanFactory id=e0c2047d-f051-3b14-a9f7-83e3d1d37d35
[0;39m 10004 --- [restartedMain] o.s.cloud.context.scope.GenericScope     : BeanFactory id=e0c2047d-f051-3b14-a9f7-83e3d1d37d35
2023-07-20T12:08:25.015+02:00 [32m INFO[0;39m [2m2023-07-20 12:08:25.015[0;39m [36mo.s.b.w.e.tomcat.TomcatWebServer[0;39m [32mTomcat initialized with port(s): 8081 (http)
[0;39m 10004 --- [restartedMain] o.s.b.w.embedded.tomcat.TomcatWebServer  : Tomcat initialized with port(s): 8081 (http)
2023-07-20T12:08:25.092+02:00 [32m INFO[0;39m [2m2023-07-20 12:08:25.092[0;39m [36mo.s.b.w.s.c.ServletWebServerApplicationContext[0;39m [32mRoot WebApplicationContext: initialization completed in 1498 ms
[0;39m 10004 --- [restartedMain] w.s.c.ServletWebServerApplicationContext : Root WebApplicationContext: initialization completed in 1498 ms
2023-07-20T12:08:25.313+02:00 [32m INFO[0;39m [2m2023-07-20 12:08:25.313[0;39m [36mo.s.b.a.h.H2ConsoleAutoConfiguration[0;39m [32mH2 console available at '/h2-console'. Database available at 'jdbc:h2:mem:test'
[0;39m 10004 --- [restartedMain] o.s.b.a.h2.H2ConsoleAutoConfiguration    : H2 console available at '/h2-console'. Database available at 'jdbc:h2:mem:test'
2023-07-20T12:08:25.693+02:00 [32m INFO[0;39m [2m2023-07-20 12:08:25.693[0;39m [36mo.s.o.j.p.SpringPersistenceUnitInfo[0;39m [32mNo LoadTimeWeaver setup: ignoring JPA class transformer
[0;39m 10004 --- [restartedMain] o.s.o.j.p.SpringPersistenceUnitInfo      : No LoadTimeWeaver setup: ignoring JPA class transformer
2023-07-20T12:08:26.565+02:00 [32m INFO[0;39m [2m2023-07-20 12:08:26.565[0;39m [36mo.s.o.j.LocalContainerEntityManagerFactoryBean[0;39m [32mInitialized JPA EntityManagerFactory for persistence unit 'default'
[0;39m 10004 --- [restartedMain] j.LocalContainerEntityManagerFactoryBean : Initialized JPA EntityManagerFactory for persistence unit 'default'
2023-07-20T12:08:27.079+02:00 [33m WARN[0;39m [2m2023-07-20 12:08:27.079[0;39m [36mo.s.b.a.o.j.JpaBaseConfiguration$JpaWebConfiguration[0;39m [33mspring.jpa.open-in-view is enabled by default. Therefore, database queries may be performed during view rendering. Explicitly configure spring.jpa.open-in-view to disable this warning
[0;39m 10004 --- [restartedMain] JpaBaseConfiguration$JpaWebConfiguration : spring.jpa.open-in-view is enabled by default. Therefore, database queries may be performed during view rendering. Explicitly configure spring.jpa.open-in-view to disable this warning
2023-07-20T12:08:27.154+02:00 [32m INFO[0;39m [2m2023-07-20 12:08:27.154[0;39m [36mo.s.s.web.DefaultSecurityFilterChain[0;39m [32mWill secure any request with [org.springframework.security.web.session.DisableEncodeUrlFilter@1f253f24, org.springframework.security.web.context.request.async.WebAsyncManagerIntegrationFilter@9f8facd, org.springframework.security.web.context.SecurityContextHolderFilter@761c3697, org.springframework.security.web.header.HeaderWriterFilter@4f97e1f0, org.springframework.security.web.authentication.logout.LogoutFilter@7eafa94e, com.baseddevs.userservice.security.filter.JWTAuthenticationFilter@ffa9d70, com.baseddevs.userservice.security.filter.JWTAuthorizationFilter@2dba7733, org.springframework.security.web.savedrequest.RequestCacheAwareFilter@15b3e2f5, org.springframework.security.web.servletapi.SecurityContextHolderAwareRequestFilter@2f8fd0bd, org.springframework.security.web.authentication.AnonymousAuthenticationFilter@1b50b1bf, org.springframework.security.web.session.SessionManagementFilter@7b766251, org.springframework.security.web.access.ExceptionTranslationFilter@51a0bcf1, org.springframework.security.web.access.intercept.AuthorizationFilter@ea30d00]
[0;39m 10004 --- [restartedMain] o.s.s.web.DefaultSecurityFilterChain     : Will secure any request with [org.springframework.security.web.session.DisableEncodeUrlFilter@1f253f24, org.springframework.security.web.context.request.async.WebAsyncManagerIntegrationFilter@9f8facd, org.springframework.security.web.context.SecurityContextHolderFilter@761c3697, org.springframework.security.web.header.HeaderWriterFilter@4f97e1f0, org.springframework.security.web.authentication.logout.LogoutFilter@7eafa94e, com.baseddevs.userservice.security.filter.JWTAuthenticationFilter@ffa9d70, com.baseddevs.userservice.security.filter.JWTAuthorizationFilter@2dba7733, org.springframework.security.web.savedrequest.RequestCacheAwareFilter@15b3e2f5, org.springframework.security.web.servletapi.SecurityContextHolderAwareRequestFilter@2f8fd0bd, org.springframework.security.web.authentication.AnonymousAuthenticationFilter@1b50b1bf, org.springframework.security.web.session.SessionManagementFilter@7b766251, org.springframework.security.web.access.ExceptionTranslationFilter@51a0bcf1, org.springframework.security.web.access.intercept.AuthorizationFilter@ea30d00]
2023-07-20T12:08:27.591+02:00 [32m INFO[0;39m [2m2023-07-20 12:08:27.591[0;39m [36mo.s.b.d.a.OptionalLiveReloadServer[0;39m [32mLiveReload server is running on port 35729
[0;39m 10004 --- [restartedMain] o.s.b.d.a.OptionalLiveReloadServer       : LiveReload server is running on port 35729
2023-07-20T12:08:27.627+02:00 [32m INFO[0;39m [2m2023-07-20 12:08:27.627[0;39m [36mo.s.c.n.e.c.DiscoveryClientOptionalArgsConfiguration[0;39m [32mEureka HTTP Client uses RestTemplate.
[0;39m 10004 --- [restartedMain] DiscoveryClientOptionalArgsConfiguration : Eureka HTTP Client uses RestTemplate.
2023-07-20T12:08:27.665+02:00 [33m WARN[0;39m [2m2023-07-20 12:08:27.665[0;39m [36mo.s.c.l.c.LoadBalancerCacheAutoConfiguration$LoadBalancerCaffeineWarnLogger[0;39m [33mSpring Cloud LoadBalancer is currently working with the default cache. While this cache implementation is useful for development and tests, it's recommended to use Caffeine cache in production.You can switch to using Caffeine cache, by adding it and org.springframework.cache.caffeine.CaffeineCacheManager to the classpath.
[0;39m 10004 --- [restartedMain] iguration$LoadBalancerCaffeineWarnLogger : Spring Cloud LoadBalancer is currently working with the default cache. While this cache implementation is useful for development and tests, it's recommended to use Caffeine cache in production.You can switch to using Caffeine cache, by adding it and org.springframework.cache.caffeine.CaffeineCacheManager to the classpath.
2023-07-20T12:08:27.669+02:00 [32m INFO[0;39m [2m2023-07-20 12:08:27.669[0;39m [36mo.s.b.a.e.web.EndpointLinksResolver[0;39m [32mExposing 1 endpoint(s) beneath base path '/actuator'
[0;39m 10004 --- [restartedMain] o.s.b.a.e.web.EndpointLinksResolver      : Exposing 1 endpoint(s) beneath base path '/actuator'
2023-07-20T12:08:27.733+02:00 [32m INFO[0;39m [2m2023-07-20 12:08:27.733[0;39m [36mo.s.c.n.eureka.InstanceInfoFactory[0;39m [32mSetting initial instance status as: STARTING
[0;39m 10004 --- [restartedMain] o.s.c.n.eureka.InstanceInfoFactory       : Setting initial instance status as: STARTING
2023-07-20T12:08:28.030+02:00 [32m INFO[0;39m [2m2023-07-20 12:08:28.030[0;39m [36mo.s.c.n.e.s.EurekaServiceRegistry[0;39m [32mRegistering application USER-SERVICE with eureka with status UP
[0;39m 10004 --- [restartedMain] o.s.c.n.e.s.EurekaServiceRegistry        : Registering application USER-SERVICE with eureka with status UP
2023-07-20T12:08:28.048+02:00 [32m INFO[0;39m [2m2023-07-20 12:08:28.048[0;39m [36mo.s.b.w.e.tomcat.TomcatWebServer[0;39m [32mTomcat started on port(s): 8081 (http) with context path ''
[0;39m 10004 --- [restartedMain] o.s.b.w.embedded.tomcat.TomcatWebServer  : Tomcat started on port(s): 8081 (http) with context path ''
2023-07-20T12:08:28.048+02:00 [32m INFO[0;39m [2m2023-07-20 12:08:28.048[0;39m [36mo.s.c.n.e.s.EurekaAutoServiceRegistration[0;39m [32mUpdating port to 8081
[0;39m 10004 --- [restartedMain] .s.c.n.e.s.EurekaAutoServiceRegistration : Updating port to 8081
2023-07-20T12:08:29.962+02:00 [32m INFO[0;39m [2m2023-07-20 12:08:29.962[0;39m [36mo.s.web.servlet.DispatcherServlet[0;39m [32mInitializing Servlet 'dispatcherServlet'
[0;39m 10004 --- [http-nio-8081-exec-1] o.s.web.servlet.DispatcherServlet        : Initializing Servlet 'dispatcherServlet'
2023-07-20T12:08:29.963+02:00 [32m INFO[0;39m [2m2023-07-20 12:08:29.963[0;39m [36mo.s.web.servlet.DispatcherServlet[0;39m [32mCompleted initialization in 1 ms
[0;39m 10004 --- [http-nio-8081-exec-1] o.s.web.servlet.DispatcherServlet        : Completed initialization in 1 ms
2023-07-20T12:08:30.000+02:00 [31mERROR[0;39m [2m2023-07-20 12:08:30.000[0;39m [36mc.b.u.security.utils.JwtUtils[0;39m [31mJWT signature does not match locally computed signature. JWT validity cannot be asserted and should not be trusted.
[0;39m 10004 --- [http-nio-8081-exec-1] c.b.userservice.security.utils.JwtUtils  : JWT signature does not match locally computed signature. JWT validity cannot be asserted and should not be trusted.
2023-07-20T12:09:33.305+02:00 [32m INFO[0;39m [2m2023-07-20 12:09:33.305[0;39m [36mo.s.c.n.e.s.EurekaServiceRegistry[0;39m [32mUnregistering application USER-SERVICE with eureka with status DOWN
[0;39m 10004 --- [SpringApplicationShutdownHook] o.s.c.n.e.s.EurekaServiceRegistry        : Unregistering application USER-SERVICE with eureka with status DOWN
2023-07-20T12:09:33.322+02:00 [32m INFO[0;39m [2m2023-07-20 12:09:33.322[0;39m [36mo.s.o.j.LocalContainerEntityManagerFactoryBean[0;39m [32mClosing JPA EntityManagerFactory for persistence unit 'default'
[0;39m 10004 --- [SpringApplicationShutdownHook] j.LocalContainerEntityManagerFactoryBean : Closing JPA EntityManagerFactory for persistence unit 'default'
2023-07-20T12:09:33.726+02:00 [33m WARN[0;39m [2m2023-07-20 12:09:33.726[0;39m [36mo.s.b.f.s.DisposableBeanAdapter[0;39m [33mInvocation of destroy method failed on bean with name 'inMemoryDatabaseShutdownExecutor': org.h2.jdbc.JdbcSQLNonTransientConnectionException: Database is already closed (to disable automatic closing at VM shutdown, add ";DB_CLOSE_ON_EXIT=FALSE" to the db URL) [90121-214]
[0;39m 10004 --- [SpringApplicationShutdownHook] o.s.b.f.support.DisposableBeanAdapter    : Invocation of destroy method failed on bean with name 'inMemoryDatabaseShutdownExecutor': org.h2.jdbc.JdbcSQLNonTransientConnectionException: Database is already closed (to disable automatic closing at VM shutdown, add ";DB_CLOSE_ON_EXIT=FALSE" to the db URL) [90121-214]
2023-07-20T12:09:39.128+02:00 [32m INFO[0;39m [2m2023-07-20 12:09:39.128[0;39m [36mo.s.b.d.e.DevToolsPropertyDefaultsPostProcessor[0;39m [32mDevtools property defaults active! Set 'spring.devtools.add-properties' to 'false' to disable
[0;39m 21012 --- [restartedMain] .e.DevToolsPropertyDefaultsPostProcessor : Devtools property defaults active! Set 'spring.devtools.add-properties' to 'false' to disable
2023-07-20T12:09:39.130+02:00 [32m INFO[0;39m [2m2023-07-20 12:09:39.130[0;39m [36mo.s.b.d.e.DevToolsPropertyDefaultsPostProcessor[0;39m [32mFor additional web related logging consider setting the 'logging.level.web' property to 'DEBUG'
[0;39m 21012 --- [restartedMain] .e.DevToolsPropertyDefaultsPostProcessor : For additional web related logging consider setting the 'logging.level.web' property to 'DEBUG'
2023-07-20T12:09:39.970+02:00 [32m INFO[0;39m [2m2023-07-20 12:09:39.970[0;39m [36mo.s.d.r.c.RepositoryConfigurationDelegate[0;39m [32mBootstrapping Spring Data JPA repositories in DEFAULT mode.
[0;39m 21012 --- [restartedMain] .s.d.r.c.RepositoryConfigurationDelegate : Bootstrapping Spring Data JPA repositories in DEFAULT mode.
2023-07-20T12:09:40.121+02:00 [32m INFO[0;39m [2m2023-07-20 12:09:40.121[0;39m [36mo.s.d.r.c.RepositoryConfigurationDelegate[0;39m [32mFinished Spring Data repository scanning in 145 ms. Found 6 JPA repository interfaces.
[0;39m 21012 --- [restartedMain] .s.d.r.c.RepositoryConfigurationDelegate : Finished Spring Data repository scanning in 145 ms. Found 6 JPA repository interfaces.
2023-07-20T12:09:40.343+02:00 [32m INFO[0;39m [2m2023-07-20 12:09:40.343[0;39m [36mo.s.cloud.context.scope.GenericScope[0;39m [32mBeanFactory id=e0c2047d-f051-3b14-a9f7-83e3d1d37d35
[0;39m 21012 --- [restartedMain] o.s.cloud.context.scope.GenericScope     : BeanFactory id=e0c2047d-f051-3b14-a9f7-83e3d1d37d35
2023-07-20T12:09:40.810+02:00 [32m INFO[0;39m [2m2023-07-20 12:09:40.810[0;39m [36mo.s.b.w.e.tomcat.TomcatWebServer[0;39m [32mTomcat initialized with port(s): 8081 (http)
[0;39m 21012 --- [restartedMain] o.s.b.w.embedded.tomcat.TomcatWebServer  : Tomcat initialized with port(s): 8081 (http)
2023-07-20T12:09:40.867+02:00 [32m INFO[0;39m [2m2023-07-20 12:09:40.867[0;39m [36mo.s.b.w.s.c.ServletWebServerApplicationContext[0;39m [32mRoot WebApplicationContext: initialization completed in 1737 ms
[0;39m 21012 --- [restartedMain] w.s.c.ServletWebServerApplicationContext : Root WebApplicationContext: initialization completed in 1737 ms
2023-07-20T12:09:41.096+02:00 [32m INFO[0;39m [2m2023-07-20 12:09:41.096[0;39m [36mo.s.b.a.h.H2ConsoleAutoConfiguration[0;39m [32mH2 console available at '/h2-console'. Database available at 'jdbc:h2:mem:test'
[0;39m 21012 --- [restartedMain] o.s.b.a.h2.H2ConsoleAutoConfiguration    : H2 console available at '/h2-console'. Database available at 'jdbc:h2:mem:test'
2023-07-20T12:09:41.503+02:00 [32m INFO[0;39m [2m2023-07-20 12:09:41.503[0;39m [36mo.s.o.j.p.SpringPersistenceUnitInfo[0;39m [32mNo LoadTimeWeaver setup: ignoring JPA class transformer
[0;39m 21012 --- [restartedMain] o.s.o.j.p.SpringPersistenceUnitInfo      : No LoadTimeWeaver setup: ignoring JPA class transformer
2023-07-20T12:09:42.350+02:00 [32m INFO[0;39m [2m2023-07-20 12:09:42.350[0;39m [36mo.s.o.j.LocalContainerEntityManagerFactoryBean[0;39m [32mInitialized JPA EntityManagerFactory for persistence unit 'default'
[0;39m 21012 --- [restartedMain] j.LocalContainerEntityManagerFactoryBean : Initialized JPA EntityManagerFactory for persistence unit 'default'
2023-07-20T12:09:42.787+02:00 [33m WARN[0;39m [2m2023-07-20 12:09:42.787[0;39m [36mo.s.b.a.o.j.JpaBaseConfiguration$JpaWebConfiguration[0;39m [33mspring.jpa.open-in-view is enabled by default. Therefore, database queries may be performed during view rendering. Explicitly configure spring.jpa.open-in-view to disable this warning
[0;39m 21012 --- [restartedMain] JpaBaseConfiguration$JpaWebConfiguration : spring.jpa.open-in-view is enabled by default. Therefore, database queries may be performed during view rendering. Explicitly configure spring.jpa.open-in-view to disable this warning
2023-07-20T12:09:42.867+02:00 [32m INFO[0;39m [2m2023-07-20 12:09:42.867[0;39m [36mo.s.s.web.DefaultSecurityFilterChain[0;39m [32mWill secure any request with [org.springframework.security.web.session.DisableEncodeUrlFilter@626cd5b6, org.springframework.security.web.context.request.async.WebAsyncManagerIntegrationFilter@4c71a8de, org.springframework.security.web.context.SecurityContextHolderFilter@19167c02, org.springframework.security.web.header.HeaderWriterFilter@4dad5e2d, org.springframework.security.web.authentication.logout.LogoutFilter@4c4ff552, com.baseddevs.userservice.security.filter.JWTAuthenticationFilter@2a9959ca, com.baseddevs.userservice.security.filter.JWTAuthorizationFilter@ec8892, org.springframework.security.web.savedrequest.RequestCacheAwareFilter@7d88f13d, org.springframework.security.web.servletapi.SecurityContextHolderAwareRequestFilter@70a39c54, org.springframework.security.web.authentication.AnonymousAuthenticationFilter@4292c5c, org.springframework.security.web.session.SessionManagementFilter@16161aa5, org.springframework.security.web.access.ExceptionTranslationFilter@2b14b00a, org.springframework.security.web.access.intercept.AuthorizationFilter@964fae7]
[0;39m 21012 --- [restartedMain] o.s.s.web.DefaultSecurityFilterChain     : Will secure any request with [org.springframework.security.web.session.DisableEncodeUrlFilter@626cd5b6, org.springframework.security.web.context.request.async.WebAsyncManagerIntegrationFilter@4c71a8de, org.springframework.security.web.context.SecurityContextHolderFilter@19167c02, org.springframework.security.web.header.HeaderWriterFilter@4dad5e2d, org.springframework.security.web.authentication.logout.LogoutFilter@4c4ff552, com.baseddevs.userservice.security.filter.JWTAuthenticationFilter@2a9959ca, com.baseddevs.userservice.security.filter.JWTAuthorizationFilter@ec8892, org.springframework.security.web.savedrequest.RequestCacheAwareFilter@7d88f13d, org.springframework.security.web.servletapi.SecurityContextHolderAwareRequestFilter@70a39c54, org.springframework.security.web.authentication.AnonymousAuthenticationFilter@4292c5c, org.springframework.security.web.session.SessionManagementFilter@16161aa5, org.springframework.security.web.access.ExceptionTranslationFilter@2b14b00a, org.springframework.security.web.access.intercept.AuthorizationFilter@964fae7]
2023-07-20T12:09:43.337+02:00 [32m INFO[0;39m [2m2023-07-20 12:09:43.337[0;39m [36mo.s.b.d.a.OptionalLiveReloadServer[0;39m [32mLiveReload server is running on port 35729
[0;39m 21012 --- [restartedMain] o.s.b.d.a.OptionalLiveReloadServer       : LiveReload server is running on port 35729
2023-07-20T12:09:43.376+02:00 [32m INFO[0;39m [2m2023-07-20 12:09:43.376[0;39m [36mo.s.c.n.e.c.DiscoveryClientOptionalArgsConfiguration[0;39m [32mEureka HTTP Client uses RestTemplate.
[0;39m 21012 --- [restartedMain] DiscoveryClientOptionalArgsConfiguration : Eureka HTTP Client uses RestTemplate.
2023-07-20T12:09:43.414+02:00 [33m WARN[0;39m [2m2023-07-20 12:09:43.414[0;39m [36mo.s.c.l.c.LoadBalancerCacheAutoConfiguration$LoadBalancerCaffeineWarnLogger[0;39m [33mSpring Cloud LoadBalancer is currently working with the default cache. While this cache implementation is useful for development and tests, it's recommended to use Caffeine cache in production.You can switch to using Caffeine cache, by adding it and org.springframework.cache.caffeine.CaffeineCacheManager to the classpath.
[0;39m 21012 --- [restartedMain] iguration$LoadBalancerCaffeineWarnLogger : Spring Cloud LoadBalancer is currently working with the default cache. While this cache implementation is useful for development and tests, it's recommended to use Caffeine cache in production.You can switch to using Caffeine cache, by adding it and org.springframework.cache.caffeine.CaffeineCacheManager to the classpath.
2023-07-20T12:09:43.419+02:00 [32m INFO[0;39m [2m2023-07-20 12:09:43.419[0;39m [36mo.s.b.a.e.web.EndpointLinksResolver[0;39m [32mExposing 1 endpoint(s) beneath base path '/actuator'
[0;39m 21012 --- [restartedMain] o.s.b.a.e.web.EndpointLinksResolver      : Exposing 1 endpoint(s) beneath base path '/actuator'
2023-07-20T12:09:43.490+02:00 [32m INFO[0;39m [2m2023-07-20 12:09:43.490[0;39m [36mo.s.c.n.eureka.InstanceInfoFactory[0;39m [32mSetting initial instance status as: STARTING
[0;39m 21012 --- [restartedMain] o.s.c.n.eureka.InstanceInfoFactory       : Setting initial instance status as: STARTING
2023-07-20T12:09:43.806+02:00 [32m INFO[0;39m [2m2023-07-20 12:09:43.806[0;39m [36mo.s.c.n.e.s.EurekaServiceRegistry[0;39m [32mRegistering application USER-SERVICE with eureka with status UP
[0;39m 21012 --- [restartedMain] o.s.c.n.e.s.EurekaServiceRegistry        : Registering application USER-SERVICE with eureka with status UP
2023-07-20T12:09:43.831+02:00 [32m INFO[0;39m [2m2023-07-20 12:09:43.831[0;39m [36mo.s.b.w.e.tomcat.TomcatWebServer[0;39m [32mTomcat started on port(s): 8081 (http) with context path ''
[0;39m 21012 --- [restartedMain] o.s.b.w.embedded.tomcat.TomcatWebServer  : Tomcat started on port(s): 8081 (http) with context path ''
2023-07-20T12:09:43.832+02:00 [32m INFO[0;39m [2m2023-07-20 12:09:43.832[0;39m [36mo.s.c.n.e.s.EurekaAutoServiceRegistration[0;39m [32mUpdating port to 8081
[0;39m 21012 --- [restartedMain] .s.c.n.e.s.EurekaAutoServiceRegistration : Updating port to 8081
2023-07-20T12:10:14.085+02:00 [32m INFO[0;39m [2m2023-07-20 12:10:14.085[0;39m [36mo.s.c.n.e.s.EurekaServiceRegistry[0;39m [32mUnregistering application USER-SERVICE with eureka with status DOWN
[0;39m 21012 --- [SpringApplicationShutdownHook] o.s.c.n.e.s.EurekaServiceRegistry        : Unregistering application USER-SERVICE with eureka with status DOWN
2023-07-20T12:10:14.102+02:00 [32m INFO[0;39m [2m2023-07-20 12:10:14.102[0;39m [36mo.s.o.j.LocalContainerEntityManagerFactoryBean[0;39m [32mClosing JPA EntityManagerFactory for persistence unit 'default'
[0;39m 21012 --- [SpringApplicationShutdownHook] j.LocalContainerEntityManagerFactoryBean : Closing JPA EntityManagerFactory for persistence unit 'default'
2023-07-20T12:10:14.498+02:00 [33m WARN[0;39m [2m2023-07-20 12:10:14.498[0;39m [36mo.s.b.f.s.DisposableBeanAdapter[0;39m [33mInvocation of destroy method failed on bean with name 'inMemoryDatabaseShutdownExecutor': org.h2.jdbc.JdbcSQLNonTransientConnectionException: Database is already closed (to disable automatic closing at VM shutdown, add ";DB_CLOSE_ON_EXIT=FALSE" to the db URL) [90121-214]
[0;39m 21012 --- [SpringApplicationShutdownHook] o.s.b.f.support.DisposableBeanAdapter    : Invocation of destroy method failed on bean with name 'inMemoryDatabaseShutdownExecutor': org.h2.jdbc.JdbcSQLNonTransientConnectionException: Database is already closed (to disable automatic closing at VM shutdown, add ";DB_CLOSE_ON_EXIT=FALSE" to the db URL) [90121-214]
2023-07-20T12:10:20.211+02:00 [32m INFO[0;39m [2m2023-07-20 12:10:20.211[0;39m [36mo.s.b.d.e.DevToolsPropertyDefaultsPostProcessor[0;39m [32mDevtools property defaults active! Set 'spring.devtools.add-properties' to 'false' to disable
[0;39m 14304 --- [restartedMain] .e.DevToolsPropertyDefaultsPostProcessor : Devtools property defaults active! Set 'spring.devtools.add-properties' to 'false' to disable
2023-07-20T12:10:20.212+02:00 [32m INFO[0;39m [2m2023-07-20 12:10:20.212[0;39m [36mo.s.b.d.e.DevToolsPropertyDefaultsPostProcessor[0;39m [32mFor additional web related logging consider setting the 'logging.level.web' property to 'DEBUG'
[0;39m 14304 --- [restartedMain] .e.DevToolsPropertyDefaultsPostProcessor : For additional web related logging consider setting the 'logging.level.web' property to 'DEBUG'
2023-07-20T12:10:20.920+02:00 [32m INFO[0;39m [2m2023-07-20 12:10:20.920[0;39m [36mo.s.d.r.c.RepositoryConfigurationDelegate[0;39m [32mBootstrapping Spring Data JPA repositories in DEFAULT mode.
[0;39m 14304 --- [restartedMain] .s.d.r.c.RepositoryConfigurationDelegate : Bootstrapping Spring Data JPA repositories in DEFAULT mode.
2023-07-20T12:10:21.049+02:00 [32m INFO[0;39m [2m2023-07-20 12:10:21.049[0;39m [36mo.s.d.r.c.RepositoryConfigurationDelegate[0;39m [32mFinished Spring Data repository scanning in 123 ms. Found 6 JPA repository interfaces.
[0;39m 14304 --- [restartedMain] .s.d.r.c.RepositoryConfigurationDelegate : Finished Spring Data repository scanning in 123 ms. Found 6 JPA repository interfaces.
2023-07-20T12:10:21.261+02:00 [32m INFO[0;39m [2m2023-07-20 12:10:21.261[0;39m [36mo.s.cloud.context.scope.GenericScope[0;39m [32mBeanFactory id=e0c2047d-f051-3b14-a9f7-83e3d1d37d35
[0;39m 14304 --- [restartedMain] o.s.cloud.context.scope.GenericScope     : BeanFactory id=e0c2047d-f051-3b14-a9f7-83e3d1d37d35
2023-07-20T12:10:21.668+02:00 [32m INFO[0;39m [2m2023-07-20 12:10:21.668[0;39m [36mo.s.b.w.e.tomcat.TomcatWebServer[0;39m [32mTomcat initialized with port(s): 8081 (http)
[0;39m 14304 --- [restartedMain] o.s.b.w.embedded.tomcat.TomcatWebServer  : Tomcat initialized with port(s): 8081 (http)
2023-07-20T12:10:21.719+02:00 [32m INFO[0;39m [2m2023-07-20 12:10:21.719[0;39m [36mo.s.b.w.s.c.ServletWebServerApplicationContext[0;39m [32mRoot WebApplicationContext: initialization completed in 1506 ms
[0;39m 14304 --- [restartedMain] w.s.c.ServletWebServerApplicationContext : Root WebApplicationContext: initialization completed in 1506 ms
2023-07-20T12:10:21.928+02:00 [32m INFO[0;39m [2m2023-07-20 12:10:21.928[0;39m [36mo.s.b.a.h.H2ConsoleAutoConfiguration[0;39m [32mH2 console available at '/h2-console'. Database available at 'jdbc:h2:mem:test'
[0;39m 14304 --- [restartedMain] o.s.b.a.h2.H2ConsoleAutoConfiguration    : H2 console available at '/h2-console'. Database available at 'jdbc:h2:mem:test'
2023-07-20T12:10:22.293+02:00 [32m INFO[0;39m [2m2023-07-20 12:10:22.293[0;39m [36mo.s.o.j.p.SpringPersistenceUnitInfo[0;39m [32mNo LoadTimeWeaver setup: ignoring JPA class transformer
[0;39m 14304 --- [restartedMain] o.s.o.j.p.SpringPersistenceUnitInfo      : No LoadTimeWeaver setup: ignoring JPA class transformer
2023-07-20T12:10:23.020+02:00 [32m INFO[0;39m [2m2023-07-20 12:10:23.020[0;39m [36mo.s.o.j.LocalContainerEntityManagerFactoryBean[0;39m [32mInitialized JPA EntityManagerFactory for persistence unit 'default'
[0;39m 14304 --- [restartedMain] j.LocalContainerEntityManagerFactoryBean : Initialized JPA EntityManagerFactory for persistence unit 'default'
2023-07-20T12:10:23.409+02:00 [33m WARN[0;39m [2m2023-07-20 12:10:23.409[0;39m [36mo.s.b.a.o.j.JpaBaseConfiguration$JpaWebConfiguration[0;39m [33mspring.jpa.open-in-view is enabled by default. Therefore, database queries may be performed during view rendering. Explicitly configure spring.jpa.open-in-view to disable this warning
[0;39m 14304 --- [restartedMain] JpaBaseConfiguration$JpaWebConfiguration : spring.jpa.open-in-view is enabled by default. Therefore, database queries may be performed during view rendering. Explicitly configure spring.jpa.open-in-view to disable this warning
2023-07-20T12:10:23.481+02:00 [32m INFO[0;39m [2m2023-07-20 12:10:23.481[0;39m [36mo.s.s.web.DefaultSecurityFilterChain[0;39m [32mWill secure any request with [org.springframework.security.web.session.DisableEncodeUrlFilter@43e0b78, org.springframework.security.web.context.request.async.WebAsyncManagerIntegrationFilter@63a58999, org.springframework.security.web.context.SecurityContextHolderFilter@7b6b2135, org.springframework.security.web.header.HeaderWriterFilter@57088579, org.springframework.security.web.authentication.logout.LogoutFilter@719310cc, com.baseddevs.userservice.security.filter.JWTAuthenticationFilter@114f6292, com.baseddevs.userservice.security.filter.JWTAuthorizationFilter@7009db71, org.springframework.security.web.savedrequest.RequestCacheAwareFilter@9f8facd, org.springframework.security.web.servletapi.SecurityContextHolderAwareRequestFilter@55b00e8a, org.springframework.security.web.authentication.AnonymousAuthenticationFilter@4986bc3, org.springframework.security.web.session.SessionManagementFilter@64300347, org.springframework.security.web.access.ExceptionTranslationFilter@67d1c372, org.springframework.security.web.access.intercept.AuthorizationFilter@20cbe18]
[0;39m 14304 --- [restartedMain] o.s.s.web.DefaultSecurityFilterChain     : Will secure any request with [org.springframework.security.web.session.DisableEncodeUrlFilter@43e0b78, org.springframework.security.web.context.request.async.WebAsyncManagerIntegrationFilter@63a58999, org.springframework.security.web.context.SecurityContextHolderFilter@7b6b2135, org.springframework.security.web.header.HeaderWriterFilter@57088579, org.springframework.security.web.authentication.logout.LogoutFilter@719310cc, com.baseddevs.userservice.security.filter.JWTAuthenticationFilter@114f6292, com.baseddevs.userservice.security.filter.JWTAuthorizationFilter@7009db71, org.springframework.security.web.savedrequest.RequestCacheAwareFilter@9f8facd, org.springframework.security.web.servletapi.SecurityContextHolderAwareRequestFilter@55b00e8a, org.springframework.security.web.authentication.AnonymousAuthenticationFilter@4986bc3, org.springframework.security.web.session.SessionManagementFilter@64300347, org.springframework.security.web.access.ExceptionTranslationFilter@67d1c372, org.springframework.security.web.access.intercept.AuthorizationFilter@20cbe18]
2023-07-20T12:10:23.908+02:00 [32m INFO[0;39m [2m2023-07-20 12:10:23.908[0;39m [36mo.s.b.d.a.OptionalLiveReloadServer[0;39m [32mLiveReload server is running on port 35729
[0;39m 14304 --- [restartedMain] o.s.b.d.a.OptionalLiveReloadServer       : LiveReload server is running on port 35729
2023-07-20T12:10:23.945+02:00 [32m INFO[0;39m [2m2023-07-20 12:10:23.945[0;39m [36mo.s.c.n.e.c.DiscoveryClientOptionalArgsConfiguration[0;39m [32mEureka HTTP Client uses RestTemplate.
[0;39m 14304 --- [restartedMain] DiscoveryClientOptionalArgsConfiguration : Eureka HTTP Client uses RestTemplate.
2023-07-20T12:10:23.975+02:00 [33m WARN[0;39m [2m2023-07-20 12:10:23.975[0;39m [36mo.s.c.l.c.LoadBalancerCacheAutoConfiguration$LoadBalancerCaffeineWarnLogger[0;39m [33mSpring Cloud LoadBalancer is currently working with the default cache. While this cache implementation is useful for development and tests, it's recommended to use Caffeine cache in production.You can switch to using Caffeine cache, by adding it and org.springframework.cache.caffeine.CaffeineCacheManager to the classpath.
[0;39m 14304 --- [restartedMain] iguration$LoadBalancerCaffeineWarnLogger : Spring Cloud LoadBalancer is currently working with the default cache. While this cache implementation is useful for development and tests, it's recommended to use Caffeine cache in production.You can switch to using Caffeine cache, by adding it and org.springframework.cache.caffeine.CaffeineCacheManager to the classpath.
2023-07-20T12:10:23.979+02:00 [32m INFO[0;39m [2m2023-07-20 12:10:23.979[0;39m [36mo.s.b.a.e.web.EndpointLinksResolver[0;39m [32mExposing 1 endpoint(s) beneath base path '/actuator'
[0;39m 14304 --- [restartedMain] o.s.b.a.e.web.EndpointLinksResolver      : Exposing 1 endpoint(s) beneath base path '/actuator'
2023-07-20T12:10:24.036+02:00 [32m INFO[0;39m [2m2023-07-20 12:10:24.036[0;39m [36mo.s.c.n.eureka.InstanceInfoFactory[0;39m [32mSetting initial instance status as: STARTING
[0;39m 14304 --- [restartedMain] o.s.c.n.eureka.InstanceInfoFactory       : Setting initial instance status as: STARTING
2023-07-20T12:10:24.335+02:00 [32m INFO[0;39m [2m2023-07-20 12:10:24.335[0;39m [36mo.s.c.n.e.s.EurekaServiceRegistry[0;39m [32mRegistering application USER-SERVICE with eureka with status UP
[0;39m 14304 --- [restartedMain] o.s.c.n.e.s.EurekaServiceRegistry        : Registering application USER-SERVICE with eureka with status UP
2023-07-20T12:10:24.352+02:00 [32m INFO[0;39m [2m2023-07-20 12:10:24.352[0;39m [36mo.s.b.w.e.tomcat.TomcatWebServer[0;39m [32mTomcat started on port(s): 8081 (http) with context path ''
[0;39m 14304 --- [restartedMain] o.s.b.w.embedded.tomcat.TomcatWebServer  : Tomcat started on port(s): 8081 (http) with context path ''
2023-07-20T12:10:24.353+02:00 [32m INFO[0;39m [2m2023-07-20 12:10:24.353[0;39m [36mo.s.c.n.e.s.EurekaAutoServiceRegistration[0;39m [32mUpdating port to 8081
[0;39m 14304 --- [restartedMain] .s.c.n.e.s.EurekaAutoServiceRegistration : Updating port to 8081
2023-07-20T12:10:25.968+02:00 [32m INFO[0;39m [2m2023-07-20 12:10:25.968[0;39m [36mo.s.web.servlet.DispatcherServlet[0;39m [32mInitializing Servlet 'dispatcherServlet'
[0;39m 14304 --- [http-nio-8081-exec-2] o.s.web.servlet.DispatcherServlet        : Initializing Servlet 'dispatcherServlet'
2023-07-20T12:10:25.969+02:00 [32m INFO[0;39m [2m2023-07-20 12:10:25.969[0;39m [36mo.s.web.servlet.DispatcherServlet[0;39m [32mCompleted initialization in 1 ms
[0;39m 14304 --- [http-nio-8081-exec-2] o.s.web.servlet.DispatcherServlet        : Completed initialization in 1 ms
2023-07-20T12:14:40.191+02:00 [32m INFO[0;39m [2m2023-07-20 12:14:40.191[0;39m [36mo.s.c.n.e.s.EurekaServiceRegistry[0;39m [32mUnregistering application USER-SERVICE with eureka with status DOWN
[0;39m 14304 --- [SpringApplicationShutdownHook] o.s.c.n.e.s.EurekaServiceRegistry        : Unregistering application USER-SERVICE with eureka with status DOWN
2023-07-20T12:14:40.208+02:00 [32m INFO[0;39m [2m2023-07-20 12:14:40.208[0;39m [36mo.s.o.j.LocalContainerEntityManagerFactoryBean[0;39m [32mClosing JPA EntityManagerFactory for persistence unit 'default'
[0;39m 14304 --- [SpringApplicationShutdownHook] j.LocalContainerEntityManagerFactoryBean : Closing JPA EntityManagerFactory for persistence unit 'default'
2023-07-20T12:14:40.602+02:00 [33m WARN[0;39m [2m2023-07-20 12:14:40.602[0;39m [36mo.s.b.f.s.DisposableBeanAdapter[0;39m [33mInvocation of destroy method failed on bean with name 'inMemoryDatabaseShutdownExecutor': org.h2.jdbc.JdbcSQLNonTransientConnectionException: Database is already closed (to disable automatic closing at VM shutdown, add ";DB_CLOSE_ON_EXIT=FALSE" to the db URL) [90121-214]
[0;39m 14304 --- [SpringApplicationShutdownHook] o.s.b.f.support.DisposableBeanAdapter    : Invocation of destroy method failed on bean with name 'inMemoryDatabaseShutdownExecutor': org.h2.jdbc.JdbcSQLNonTransientConnectionException: Database is already closed (to disable automatic closing at VM shutdown, add ";DB_CLOSE_ON_EXIT=FALSE" to the db URL) [90121-214]
